<?xml version="1.0" encoding="utf-8"?><testsuites name="pytest tests"><testsuite name="pytest" errors="0" failures="0" skipped="0" tests="4" time="4.062" timestamp="2026-09-11T20:26:16.180566+00:00" hostname="agent-env-df2a1e3d-2e63-4c61-b2fd-ced92af68fa5"><testcase classname="tests.test_installer_api.TestInstallerDownload" name="test_download_returns_exe_binary" time="1.707" /><testcase classname="tests.test_installer_api.TestInfo" name="test_info_structure" time="0.370" /><testcase classname="tests.test_installer_api.TestInstallerDownload" name="test_download_autoquest_false" time="1.603" /><testcase classname="tests.test_installer_api.TestPluginPreview" name="test_preview" time="0.237" /></testsuite></testsuites>