<?xml version="1.0" encoding="utf-8"?><testsuites name="pytest tests"><testsuite name="pytest" errors="0" failures="0" skipped="0" tests="5" time="4.243" timestamp="2026-09-11T19:13:23.380738+00:00" hostname="agent-env-df2a1e3d-2e63-4c61-b2fd-ced92af68fa5"><testcase classname="tests.test_installer_api.TestInfo" name="test_info_structure" time="0.618" /><testcase classname="tests.test_installer_api.TestInstallerDownload" name="test_download_with_autoquest_true" time="1.333" /><testcase classname="tests.test_installer_api.TestPluginPreview" name="test_preview" time="0.203" /><testcase classname="tests.test_installer_api.TestInstallerDownload" name="test_download_with_autoquest_false" time="1.184" /><testcase classname="tests.test_installer_api.TestInstallerDownload" name="test_download_beta_targets" time="1.167" /></testsuite></testsuites>